Arguments: 
  /usr/bin/node /usr/bin/yarn add dotenv @types/dotenv

PATH: 
  /home/warren/bin:/home/warren/.local/bin:/usr/local/sbin:/usr/local/bin:/usr/sbin:/usr/bin:/sbin:/bin:/usr/games:/usr/local/games:/snap/bin

Yarn version: 
  1.5.1

Node version: 
  8.9.3

Platform: 
  linux x64

npm manifest: 
  {
    "name": "yummy",
    "version": "1.0.0",
    "description": "",
    "main": "index.js",
    "scripts": {
      "test": "echo \"Error: no test specified\" && exit 1"
    },
    "author": "",
    "license": "ISC",
    "dependencies": {
      "body-parser": "^1.18.2",
      "dotenv": "^5.0.1",
      "errorhandler": "^1.5.0",
      "express": "^4.16.3",
      "fs-extra": "^5.0.0",
      "knex": "^0.14.4",
      "morgan": "^1.9.0",
      "pg": "^7.4.1"
    },
    "devDependencies": {
      "@types/body-parser": "^1.16.8",
      "@types/dotenv": "^4.0.2",
      "@types/errorhandler": "0.0.32",
      "@types/express": "^4.11.1",
      "@types/knex": "^0.14.9",
      "@types/morgan": "^1.7.35",
      "@types/fs-extra": "^5.0.1",
      "ts-node": "^5.0.1",
      "typescript": "^2.8.1"
    }
  }

yarn manifest: 
  No manifest

Lockfile: 
  No lockfile

Trace: 
  Error: connect ENETUNREACH 2400:cb00:2048:1::6810:3cad:443
      at Object._errnoException (util.js:1024:11)
      at _exceptionWithHostPort (util.js:1046:20)
      at TCPConnectWrap.afterConnect [as oncomplete] (net.js:1182:14)
